c:\users\jason\documents\github\cppopoly\textopoly\x64\debug\vc143.pdb
c:\users\jason\documents\github\cppopoly\textopoly\x64\debug\vc143.idb
c:\users\jason\documents\github\cppopoly\textopoly\x64\debug\utility.obj
c:\users\jason\documents\github\cppopoly\textopoly\x64\debug\tax.obj
c:\users\jason\documents\github\cppopoly\textopoly\x64\debug\railroad.obj
c:\users\jason\documents\github\cppopoly\textopoly\x64\debug\property.obj
c:\users\jason\documents\github\cppopoly\textopoly\x64\debug\player.obj
c:\users\jason\documents\github\cppopoly\textopoly\x64\debug\main.obj
c:\users\jason\documents\github\cppopoly\textopoly\x64\debug\gamecard.obj
c:\users\jason\documents\github\cppopoly\textopoly\x64\debug\gameboard.obj
c:\users\jason\documents\github\cppopoly\textopoly\x64\debug\gameadmin.obj
c:\users\jason\documents\github\cppopoly\textopoly\x64\debug\corner.obj
c:\users\jason\documents\github\cppopoly\textopoly\x64\debug\chanceandchest.obj
c:\users\jason\documents\github\cppopoly\textopoly\x64\debug\cardspace.obj
c:\users\jason\documents\github\cppopoly\textopoly\x64\debug\boardspace.obj
c:\users\jason\documents\github\cppopoly\textopoly\x64\debug\cardsystem.obj
c:\users\jason\documents\github\cppopoly\x64\debug\textopoly.exe
c:\users\jason\documents\github\cppopoly\textopoly\x64\debug\textopoly.ilk
c:\users\jason\documents\github\cppopoly\x64\debug\textopoly.pdb
c:\users\jason\documents\github\cppopoly\textopoly\x64\debug\textopoly.tlog\cl.command.1.tlog
c:\users\jason\documents\github\cppopoly\textopoly\x64\debug\textopoly.tlog\cl.items.tlog
c:\users\jason\documents\github\cppopoly\textopoly\x64\debug\textopoly.tlog\cl.read.1.tlog
c:\users\jason\documents\github\cppopoly\textopoly\x64\debug\textopoly.tlog\cl.write.1.tlog
c:\users\jason\documents\github\cppopoly\textopoly\x64\debug\textopoly.tlog\link.command.1.tlog
c:\users\jason\documents\github\cppopoly\textopoly\x64\debug\textopoly.tlog\link.read.1.tlog
c:\users\jason\documents\github\cppopoly\textopoly\x64\debug\textopoly.tlog\link.write.1.tlog
